[    0.000000] Initializing cgroup subsys cpuset
[    0.000000] Initializing cgroup subsys cpu
[    0.000000] Initializing cgroup subsys cpuacct
[    0.000000] Linux version 4.4.0-150-generic (buildd@lgw01-amd64-036) (gcc version 5.4.0 20160609 (Ubuntu 5.4.0-6ubuntu1~16.04.10) ) #176-Ubuntu SMP Wed May 29 18:56:26 UTC 2019 (Ubuntu 4.4.0-150.176-generic 4.4.179)
[    0.000000] Command line: BOOT_IMAGE=/boot/vmlinuz-4.4.0-150-generic root=LABEL=cloudimg-rootfs ro console=tty1 console=ttyS0
[    0.000000] KERNEL supported cpus:
[    0.000000]   Intel GenuineIntel
[    0.000000]   AMD AuthenticAMD
[    0.000000]   Centaur CentaurHauls
[    0.000000] x86/fpu: xstate_offset[2]:  576, xstate_sizes[2]:  256
[    0.000000] x86/fpu: Supporting XSAVE feature 0x01: 'x87 floating point registers'
[    0.000000] x86/fpu: Supporting XSAVE feature 0x02: 'SSE registers'
[    0.000000] x86/fpu: Supporting XSAVE feature 0x04: 'AVX registers'
[    0.000000] x86/fpu: Enabled xstate features 0x7, context size is 832 bytes, using 'standard' format.
[    0.000000] e820: BIOS-provided physical RAM map:
[    0.000000] BIOS-e820: [mem 0x0000000000000000-0x000000000009fbff] usable
[    0.000000] BIOS-e820: [mem 0x000000000009fc00-0x000000000009ffff] reserved
[    0.000000] BIOS-e820: [mem 0x00000000000f0000-0x00000000000fffff] reserved
[    0.000000] BIOS-e820: [mem 0x0000000000100000-0x000000003ffeffff] usable
[    0.000000] BIOS-e820: [mem 0x000000003fff0000-0x000000003fffffff] ACPI data
[    0.000000] BIOS-e820: [mem 0x00000000fec00000-0x00000000fec00fff] reserved
[    0.000000] BIOS-e820: [mem 0x00000000fee00000-0x00000000fee00fff] reserved
[    0.000000] BIOS-e820: [mem 0x00000000fffc0000-0x00000000ffffffff] reserved
[    0.000000] NX (Execute Disable) protection: active
[    0.000000] SMBIOS 2.5 present.
[    0.000000] Hypervisor detected: KVM
[    0.000000] e820: last_pfn = 0x3fff0 max_arch_pfn = 0x400000000
[    0.000000] MTRR: Disabled
[    0.000000] x86/PAT: MTRRs disabled, skipping PAT initialization too.
[    0.000000] CPU MTRRs all blank - virtualized system.
[    0.000000] x86/PAT: Configuration [0-7]: WB  WT  UC- UC  WB  WT  UC- UC  
[    0.000000] found SMP MP-table at [mem 0x0009fff0-0x0009ffff] mapped at [ffff88000009fff0]
[    0.000000] Scanning 1 areas for low memory corruption
[    0.000000] RAMDISK: [mem 0x362f8000-0x37173fff]
[    0.000000] ACPI: Early table checksum verification disabled
[    0.000000] ACPI: RSDP 0x00000000000E0000 000024 (v02 VBOX  )
[    0.000000] ACPI: XSDT 0x000000003FFF0030 00003C (v01 VBOX   VBOXXSDT 00000001 ASL  00000061)
[    0.000000] ACPI: FACP 0x000000003FFF00F0 0000F4 (v04 VBOX   VBOXFACP 00000001 ASL  00000061)
[    0.000000] ACPI: DSDT 0x000000003FFF0470 0022EA (v02 VBOX   VBOXBIOS 00000002 INTL 20181213)
[    0.000000] ACPI: FACS 0x000000003FFF0200 000040
[    0.000000] ACPI: FACS 0x000000003FFF0200 000040
[    0.000000] ACPI: APIC 0x000000003FFF0240 00005C (v02 VBOX   VBOXAPIC 00000001 ASL  00000061)
[    0.000000] ACPI: SSDT 0x000000003FFF02A0 0001CC (v01 VBOX   VBOXCPUT 00000002 INTL 20181213)
[    0.000000] No NUMA configuration found
[    0.000000] Faking a node at [mem 0x0000000000000000-0x000000003ffeffff]
[    0.000000] NODE_DATA(0) allocated [mem 0x3ffeb000-0x3ffeffff]
[    0.000000] kvm-clock: Using msrs 4b564d01 and 4b564d00
[    0.000000] kvm-clock: cpu 0, msr 0:3ffe3001, primary cpu clock
[    0.000000] kvm-clock: using sched offset of 3517584238 cycles
[    0.000000] clocksource: kvm-clock: mask: 0xffffffffffffffff max_cycles: 0x1cd42e4dffb, max_idle_ns: 881590591483 ns
[    0.000000] Zone ranges:
[    0.000000]   DMA      [mem 0x0000000000001000-0x0000000000ffffff]
[    0.000000]   DMA32    [mem 0x0000000001000000-0x000000003ffeffff]
[    0.000000]   Normal   empty
[    0.000000]   Device   empty
[    0.000000] Movable zone start for each node
[    0.000000] Early memory node ranges
[    0.000000]   node   0: [mem 0x0000000000001000-0x000000000009efff]
[    0.000000]   node   0: [mem 0x0000000000100000-0x000000003ffeffff]
[    0.000000] Initmem setup node 0 [mem 0x0000000000001000-0x000000003ffeffff]
[    0.000000] ACPI: PM-Timer IO Port: 0x4008
[    0.000000] IOAPIC[0]: apic_id 2, version 32, address 0xfec00000, GSI 0-23
[    0.000000] ACPI: INT_SRC_OVR (bus 0 bus_irq 0 global_irq 2 dfl dfl)
[    0.000000] ACPI: INT_SRC_OVR (bus 0 bus_irq 9 global_irq 9 low level)
[    0.000000] Using ACPI (MADT) for SMP configuration information
[    0.000000] smpboot: Allowing 2 CPUs, 0 hotplug CPUs
[    0.000000] PM: Registered nosave memory: [mem 0x00000000-0x00000fff]
[    0.000000] PM: Registered nosave memory: [mem 0x0009f000-0x0009ffff]
[    0.000000] PM: Registered nosave memory: [mem 0x000a0000-0x000effff]
[    0.000000] PM: Registered nosave memory: [mem 0x000f0000-0x000fffff]
[    0.000000] e820: [mem 0x40000000-0xfebfffff] available for PCI devices
[    0.000000] Booting paravirtualized kernel on KVM
[    0.000000] clocksource: refined-jiffies: mask: 0xffffffff max_cycles: 0xffffffff, max_idle_ns: 7645519600211568 ns
[    0.000000] setup_percpu: NR_CPUS:512 nr_cpumask_bits:512 nr_cpu_ids:2 nr_node_ids:1
[    0.000000] PERCPU: Embedded 34 pages/cpu @ffff88003fc00000 s99480 r8192 d31592 u1048576
[    0.000000] Built 1 zonelists in Node order, mobility grouping on.  Total pages: 257912
[    0.000000] Policy zone: DMA32
[    0.000000] Kernel command line: BOOT_IMAGE=/boot/vmlinuz-4.4.0-150-generic root=LABEL=cloudimg-rootfs ro console=tty1 console=ttyS0
[    0.000000] PID hash table entries: 4096 (order: 3, 32768 bytes)
[    0.000000] Memory: 997728K/1048120K available (8613K kernel code, 1335K rwdata, 4028K rodata, 1484K init, 1284K bss, 50392K reserved, 0K cma-reserved)
[    0.000000] SLUB: HWalign=64, Order=0-3, MinObjects=0, CPUs=2, Nodes=1
[    0.000000] Kernel/User page tables isolation: enabled
[    0.000000] Hierarchical RCU implementation.
[    0.000000] 	Build-time adjustment of leaf fanout to 64.
[    0.000000] 	RCU restricting CPUs from NR_CPUS=512 to nr_cpu_ids=2.
[    0.000000] RCU: Adjusting geometry for rcu_fanout_leaf=64, nr_cpu_ids=2
[    0.000000] NR_IRQS:33024 nr_irqs:440 16
[    0.000000] Console: colour VGA+ 80x25
[    0.000000] console [tty1] enabled
[    0.000000] console [ttyS0] enabled
[    0.000000] tsc: Detected 1799.999 MHz processor
[    0.240266] Calibrating delay loop (skipped) preset value.. 3599.99 BogoMIPS (lpj=7199996)
[    0.242630] pid_max: default: 32768 minimum: 301
[    0.244755] ACPI: Core revision 20150930
[    0.247404] ACPI: 2 ACPI AML tables successfully acquired and loaded
[    0.254280] Security Framework initialized
[    0.255648] Yama: becoming mindful.
[    0.260338] AppArmor: AppArmor initialized
[    0.262148] Dentry cache hash table entries: 131072 (order: 8, 1048576 bytes)
[    0.268851] Inode-cache hash table entries: 65536 (order: 7, 524288 bytes)
[    0.272317] Mount-cache hash table entries: 2048 (order: 2, 16384 bytes)
[    0.274893] Mountpoint-cache hash table entries: 2048 (order: 2, 16384 bytes)
[    0.277600] Initializing cgroup subsys io
[    0.280155] Initializing cgroup subsys memory
[    0.281905] Initializing cgroup subsys devices
[    0.283691] Initializing cgroup subsys freezer
[    0.285764] Initializing cgroup subsys net_cls
[    0.287934] Initializing cgroup subsys perf_event
[    0.289960] Initializing cgroup subsys net_prio
[    0.292298] Initializing cgroup subsys hugetlb
[    0.294475] Initializing cgroup subsys pids
[    0.298380] mce: CPU supports 0 MCE banks
[    0.302540] Last level iTLB entries: 4KB 64, 2MB 8, 4MB 8
[    0.304262] Last level dTLB entries: 4KB 64, 2MB 0, 4MB 0, 1GB 4
[    0.306380] Spectre V2 : Mitigation: Full generic retpoline
[    0.308280] Spectre V2 : Spectre v2 / SpectreRSB mitigation: Filling RSB on context switch
[    0.310582] Speculative Store Bypass: Vulnerable
[    0.312053] MDS: Vulnerable: Clear CPU buffers attempted, no microcode
[    0.318858] Freeing SMP alternatives memory: 36K
[    0.330336] ftrace: allocating 32298 entries in 127 pages
[    0.432796] smpboot: APIC(0) Converting physical 0 to logical package 0
[    0.435320] smpboot: Max logical packages: 1
[    0.436901] x2apic enabled
[    0.438157] Switched APIC routing to physical x2apic.
[    0.441828] ..TIMER: vector=0x30 apic1=0 pin1=2 apic2=-1 pin2=-1
[    0.550808] smpboot: CPU0: Intel(R) Core(TM) i5-8265U CPU @ 1.60GHz (family: 0x6, model: 0x8e, stepping: 0xb)
[    0.554603] Performance Events: unsupported p6 CPU model 142 no PMU driver, software events only.
[    0.575461] KVM setup paravirtual spinlock
[    0.577808] x86: Booting SMP configuration:
[    0.579019] .... node  #0, CPUs:      #1
[    0.580296] kvm-clock: cpu 1, msr 0:3ffe3041, secondary cpu clock
[    0.584942] mce: CPU supports 0 MCE banks
[    0.587672] x86: Booted up 1 node, 2 CPUs
[    0.590002] smpboot: Total of 2 processors activated (7199.99 BogoMIPS)
[    0.592637] devtmpfs: initialized
[    0.596028] evm: security.selinux
[    0.597558] evm: security.SMACK64
[    0.598706] evm: security.SMACK64EXEC
[    0.599979] evm: security.SMACK64TRANSMUTE
[    0.601336] evm: security.SMACK64MMAP
[    0.602574] evm: security.ima
[    0.604450] evm: security.capability
[    0.605990] clocksource: jiffies: mask: 0xffffffff max_cycles: 0xffffffff, max_idle_ns: 7645041785100000 ns
[    0.608771] futex hash table entries: 512 (order: 3, 32768 bytes)
[    0.611356] pinctrl core: initialized pinctrl subsystem
[    0.612923] RTC time:  3:49:21, date: 06/09/19
[    0.614438] NET: Registered protocol family 16
[    0.627452] cpuidle: using governor ladder
[    0.639190] cpuidle: using governor menu
[    0.640582] PCCT header not found.
[    0.641871] ACPI: bus type PCI registered
[    0.643320] acpiphp: ACPI Hot Plug PCI Controller Driver version: 0.5
[    0.645743] PCI: Using configuration type 1 for base access
[    0.664676] ACPI: Added _OSI(Module Device)
[    0.666698] ACPI: Added _OSI(Processor Device)
[    0.668015] ACPI: Added _OSI(3.0 _SCP Extensions)
[    0.669353] ACPI: Added _OSI(Processor Aggregator Device)
[    0.671839] ACPI: Executed 1 blocks of module-level executable AML code
[    0.677444] ACPI: Interpreter enabled
[    0.678744] ACPI: (supports S0 S5)
[    0.679899] ACPI: Using IOAPIC for interrupt routing
[    0.682178] PCI: Using host bridge windows from ACPI; if necessary, use "pci=nocrs" and report a bug
[    0.690880] ACPI: PCI Root Bridge [PCI0] (domain 0000 [bus 00-ff])
[    0.693230] acpi PNP0A03:00: _OSC: OS supports [ASPM ClockPM Segments MSI]
[    0.696145] acpi PNP0A03:00: _OSC: not requesting OS control; OS requires [ExtendedConfig ASPM ClockPM MSI]
[    0.698797] acpi PNP0A03:00: fail to add MMCONFIG information, can't access extended PCI configuration space under this bridge.
[    0.702974] PCI host bridge to bus 0000:00
[    0.704358] pci_bus 0000:00: root bus resource [io  0x0000-0x0cf7 window]
[    0.706259] pci_bus 0000:00: root bus resource [io  0x0d00-0xffff window]
[    0.708341] pci_bus 0000:00: root bus resource [mem 0x000a0000-0x000bffff window]
[    0.710930] pci_bus 0000:00: root bus resource [mem 0x40000000-0xfdffffff window]
[    0.713119] pci_bus 0000:00: root bus resource [bus 00-ff]
[    0.724774] pci 0000:00:01.1: legacy IDE quirk: reg 0x10: [io  0x01f0-0x01f7]
[    0.727120] pci 0000:00:01.1: legacy IDE quirk: reg 0x14: [io  0x03f6]
[    0.729653] pci 0000:00:01.1: legacy IDE quirk: reg 0x18: [io  0x0170-0x0177]
[    0.732527] pci 0000:00:01.1: legacy IDE quirk: reg 0x1c: [io  0x0376]
[    0.777055] pci 0000:00:07.0: quirk: [io  0x4000-0x403f] claimed by PIIX4 ACPI
[    0.797808] pci 0000:00:07.0: quirk: [io  0x4100-0x410f] claimed by PIIX4 SMB
[    0.816268] ACPI: PCI Interrupt Link [LNKA] (IRQs 5 9 10 *11)
[    0.818717] ACPI: PCI Interrupt Link [LNKB] (IRQs 5 9 *10 11)
[    0.821292] ACPI: PCI Interrupt Link [LNKC] (IRQs 5 *9 10 11)
[    0.823843] ACPI: PCI Interrupt Link [LNKD] (IRQs 5 9 10 *11)
[    0.826324] ACPI: Enabled 2 GPEs in block 00 to 07
[    0.829200] vgaarb: setting as boot device: PCI:0000:00:02.0
[    0.830914] vgaarb: device added: PCI:0000:00:02.0,decodes=io+mem,owns=io+mem,locks=none
[    0.833415] vgaarb: loaded
[    0.834319] vgaarb: bridge control possible 0000:00:02.0
[    0.836873] SCSI subsystem initialized
[    0.838138] ACPI: bus type USB registered
[    0.839325] usbcore: registered new interface driver usbfs
[    0.840769] usbcore: registered new interface driver hub
[    0.842192] usbcore: registered new device driver usb
[    0.844605] PCI: Using ACPI for IRQ routing
[    0.846246] NetLabel: Initializing
[    0.847440] NetLabel:  domain hash size = 128
[    0.848727] NetLabel:  protocols = UNLABELED CIPSOv4
[    0.851384] NetLabel:  unlabeled traffic allowed by default
[    0.853220] amd_nb: Cannot enumerate AMD northbridges
[    0.854663] clocksource: Switched to clocksource kvm-clock
[    0.866578] AppArmor: AppArmor Filesystem Enabled
[    0.868199] pnp: PnP ACPI init
[    0.872036] pnp: PnP ACPI: found 3 devices
[    0.885247] clocksource: acpi_pm: mask: 0xffffff max_cycles: 0xffffff, max_idle_ns: 2085701024 ns
[    0.888194] NET: Registered protocol family 2
[    0.889742] TCP established hash table entries: 8192 (order: 4, 65536 bytes)
[    0.892610] TCP bind hash table entries: 8192 (order: 5, 131072 bytes)
[    0.894552] TCP: Hash tables configured (established 8192 bind 8192)
[    0.896495] UDP hash table entries: 512 (order: 2, 16384 bytes)
[    0.898302] UDP-Lite hash table entries: 512 (order: 2, 16384 bytes)
[    0.900837] NET: Registered protocol family 1
[    0.902074] pci 0000:00:00.0: Limiting direct PCI/PCI transfers
[    0.903670] pci 0000:00:01.0: Activating ISA DMA hang workarounds
[    0.907676] Unpacking initramfs...
[    1.321693] Freeing initrd memory: 14832K
[    1.323995] clocksource: tsc: mask: 0xffffffffffffffff max_cycles: 0x19f228ab7a2, max_idle_ns: 440795289252 ns
[    1.329580] platform rtc_cmos: registered platform RTC device (no PNP device found)
[    1.333066] Scanning for low memory corruption every 60 seconds
[    1.336029] audit: initializing netlink subsys (disabled)
[    1.338402] audit: type=2000 audit(1560052166.785:1): initialized
[    1.340722] Initialise system trusted keyring
[    1.342658] HugeTLB registered 2 MB page size, pre-allocated 0 pages
[    1.347488] zbud: loaded
[    1.349115] VFS: Disk quotas dquot_6.6.0
[    1.350983] VFS: Dquot-cache hash table entries: 512 (order 0, 4096 bytes)
[    1.353294] squashfs: version 4.0 (2009/01/31) Phillip Lougher
[    1.355496] fuse init (API version 7.23)
[    1.357244] Key type big_key registered
[    1.358978] Allocating IMA MOK and blacklist keyrings.
[    1.362766] Key type asymmetric registered
[    1.365389] Asymmetric key parser 'x509' registered
[    1.376503] Block layer SCSI generic (bsg) driver version 0.4 loaded (major 249)
[    1.379747] io scheduler noop registered
[    1.381380] io scheduler deadline registered (default)
[    1.383682] io scheduler cfq registered
[    1.385775] pci_hotplug: PCI Hot Plug PCI Core version: 0.5
[    1.400179] pciehp: PCI Express Hot Plug Controller Driver version: 0.4
[    1.402871] ACPI: AC Adapter [AC] (off-line)
[    1.404989] input: Power Button as /devices/LNXSYSTM:00/LNXPWRBN:00/input/input0
[    1.408166] ACPI: Power Button [PWRF]
[    1.410032] input: Sleep Button as /devices/LNXSYSTM:00/LNXSLPBN:00/input/input1
[    1.413153] ACPI: Sleep Button [SLPF]
[    1.416836] ACPI: Battery Slot [BAT0] (battery present)
[    1.419056] GHES: HEST is not enabled!
[    1.420979] Serial: 8250/16550 driver, 32 ports, IRQ sharing enabled
[    1.446444] 00:02: ttyS0 at I/O 0x3f8 (irq = 4, base_baud = 115200) is a 16550A
[    1.452115] Linux agpgart interface v0.103
[    1.457690] loop: module loaded
[    1.460263] scsi host0: ata_piix
[    1.462000] scsi host1: ata_piix
[    1.464098] ata1: PATA max UDMA/33 cmd 0x1f0 ctl 0x3f6 bmdma 0xd000 irq 14
[    1.466471] ata2: PATA max UDMA/33 cmd 0x170 ctl 0x376 bmdma 0xd008 irq 15
[    1.469716] libphy: Fixed MDIO Bus: probed
[    1.472750] tun: Universal TUN/TAP device driver, 1.6
[    1.474615] tun: (C) 1999-2004 Max Krasnyansky <maxk@qualcomm.com>
[    1.476977] PPP generic driver version 2.4.2
[    1.478982] ehci_hcd: USB 2.0 'Enhanced' Host Controller (EHCI) Driver
[    1.481325] ehci-pci: EHCI PCI platform driver
[    1.483315] ehci-platform: EHCI generic platform driver
[    1.485719] ohci_hcd: USB 1.1 'Open' Host Controller (OHCI) Driver
[    1.489374] ohci-pci: OHCI PCI platform driver
[    1.491121] ohci-platform: OHCI generic platform driver
[    1.493670] uhci_hcd: USB Universal Host Controller Interface driver
[    1.496075] i8042: PNP: PS/2 Controller [PNP0303:PS2K,PNP0f03:PS2M] at 0x60,0x64 irq 1,12
[    1.503706] serio: i8042 KBD port at 0x60,0x64 irq 1
[    1.520481] serio: i8042 AUX port at 0x60,0x64 irq 12
[    1.523437] mousedev: PS/2 mouse device common for all mice
[    1.526718] input: AT Translated Set 2 keyboard as /devices/platform/i8042/serio0/input/input2
[    1.530811] rtc_cmos rtc_cmos: rtc core: registered rtc_cmos as rtc0
[    1.533442] rtc_cmos rtc_cmos: alarms up to one day, 114 bytes nvram
[    1.536886] i2c /dev entries driver
[    1.540112] device-mapper: uevent: version 1.0.3
[    1.544581] device-mapper: ioctl: 4.34.0-ioctl (2015-10-28) initialised: dm-devel@redhat.com
[    1.548463] ledtrig-cpu: registered to indicate activity on CPUs
[    1.552259] NET: Registered protocol family 10
[    1.554773] NET: Registered protocol family 17
[    1.556904] Key type dns_resolver registered
[    1.559564] registered taskstats version 1
[    1.561423] Loading compiled-in X.509 certificates
[    1.565609] Loaded X.509 cert 'Build time autogenerated kernel key: a7915d3ef14e82ec7978a6e44664328aa121e7a5'
[    1.569225] zswap: loaded using pool lzo/zbud
[    1.575895] Key type trusted registered
[    1.586353] Key type encrypted registered
[    1.587842] AppArmor: AppArmor sha1 policy hashing enabled
[    1.589512] ima: No TPM chip found, activating TPM-bypass!
[    1.591878] ima: Allocated hash algorithm: sha1
[    1.593316] evm: HMAC attrs: 0x1
[    1.594954]   Magic number: 7:777:815
[    1.597354] rtc_cmos rtc_cmos: setting system clock to 2019-06-09 03:49:22 UTC (1560052162)
[    1.601010] BIOS EDD facility v0.16 2004-Jun-25, 0 devices found
[    1.602746] EDD information not available.
[    1.624433] Freeing unused kernel memory: 1484K
[    1.625955] Write protecting the kernel read-only data: 14336k
[    1.628607] Freeing unused kernel memory: 1616K
[    1.630315] Freeing unused kernel memory: 68K
Loading, please wait...
starting version 229
[    1.653444] random: systemd-udevd: uninitialized urandom read (16 bytes read, 3 bits of entropy available)
[    1.654247] random: udevadm: uninitialized urandom read (16 bytes read, 3 bits of entropy available)
[    1.654282] random: udevadm: uninitialized urandom read (16 bytes read, 3 bits of entropy available)
[    1.663121] random: systemd-udevd: uninitialized urandom read (16 bytes read, 3 bits of entropy available)
[    1.666526] random: systemd-udevd: uninitialized urandom read (16 bytes read, 3 bits of entropy available)
[    1.667040] random: udevadm: uninitialized urandom read (16 bytes read, 3 bits of entropy available)
[    1.667107] random: udevadm: uninitialized urandom read (16 bytes read, 3 bits of entropy available)
[    1.667308] random: udevadm: uninitialized urandom read (16 bytes read, 3 bits of entropy available)
[    1.667382] random: udevadm: uninitialized urandom read (16 bytes read, 3 bits of entropy available)
[    1.667454] random: udevadm: uninitialized urandom read (16 bytes read, 3 bits of entropy available)
[    1.745558] e1000: Intel(R) PRO/1000 Network Driver - version 7.3.21-k8-NAPI
[    1.747543] e1000: Copyright (c) 1999-2006 Intel Corporation.
[    1.754320] Fusion MPT base driver 3.04.20
[    1.756751] Copyright (c) 1999-2008 LSI Corporation
[    1.767133] Fusion MPT SPI Host driver 3.04.20
[    1.797604] AVX2 version of gcm_enc/dec engaged.
[    1.799347] AES CTR mode by8 optimization enabled
[    1.974335] input: ImExPS/2 Generic Explorer Mouse as /devices/platform/i8042/serio1/input/input4
[    2.165309] e1000 0000:00:03.0 eth0: (PCI:33MHz:32-bit) 02:bc:a8:42:42:bc
[    2.167754] e1000 0000:00:03.0 eth0: Intel(R) PRO/1000 Network Connection
[    2.171406] mptbase: ioc0: Initiating bringup
[    2.411116] ioc0: LSI53C1030 A0: Capabilities={Initiator}
[    3.378817] scsi host2: ioc0: LSI53C1030 A0, FwRev=00000000h, Ports=1, MaxQ=256, IRQ=20
[    3.825085] scsi 2:0:0:0: Direct-Access     VBOX     HARDDISK         1.0  PQ: 0 ANSI: 5
[    3.827984] scsi target2:0:0: Beginning Domain Validation
[    3.831692] scsi target2:0:0: Domain Validation skipping write tests
[    3.833793] scsi target2:0:0: Ending Domain Validation
[    3.835894] scsi target2:0:0: asynchronous
[    3.838391] scsi 2:0:1:0: Direct-Access     VBOX     HARDDISK         1.0  PQ: 0 ANSI: 5
[    3.841628] scsi target2:0:1: Beginning Domain Validation
[    3.845195] scsi target2:0:1: Domain Validation skipping write tests
[    3.847536] scsi target2:0:1: Ending Domain Validation
[    3.849592] scsi target2:0:1: asynchronous
[    3.868453] sd 2:0:0:0: Attached scsi generic sg0 type 0
[    3.870531] sd 2:0:0:0: [sda] 20971520 512-byte logical blocks: (10.7 GB/10.0 GiB)
[    3.897222] sd 2:0:1:0: [sdb] 20480 512-byte logical blocks: (10.5 MB/10.0 MiB)
[    3.902427] sd 2:0:1:0: Attached scsi generic sg1 type 0
[    3.911466] sd 2:0:1:0: [sdb] Write Protect is off
[    3.917090] sd 2:0:1:0: [sdb] Incomplete mode parameter data
[    3.923315] sd 2:0:1:0: [sdb] Assuming drive cache: write through
[    3.931826] sd 2:0:0:0: [sda] Write Protect is off
[    3.935905] sd 2:0:0:0: [sda] Incomplete mode parameter data
[    3.940871] sd 2:0:0:0: [sda] Assuming drive cache: write through
[    3.951100]  sda: sda1
[    3.958355] sd 2:0:1:0: [sdb] Attached SCSI disk
[    3.963262] sd 2:0:0:0: [sda] Attached SCSI disk
[    4.310328] e1000 0000:00:08.0 eth1: (PCI:33MHz:32-bit) 08:00:27:21:c8:f1
[    4.313324] e1000 0000:00:08.0 eth1: Intel(R) PRO/1000 Network Connection
[    4.319071] e1000 0000:00:08.0 enp0s8: renamed from eth1
[    4.335299] e1000 0000:00:03.0 enp0s3: renamed from eth0
Begin: Loading essential drivers ... [    5.995056] md: linear personality registered for level -1
[    6.000966] md: multipath personality registered for level -4
[    6.006700] md: raid0 personality registered for level 0
[    6.015836] md: raid1 personality registered for level 1
[    6.098271] raid6: sse2x1   gen()  5586 MB/s
[    6.168297] raid6: sse2x1   xor()  4420 MB/s
[    6.238287] raid6: sse2x2   gen()  8137 MB/s
[    6.308228] raid6: sse2x2   xor()  5031 MB/s
[    6.378342] raid6: sse2x4   gen()  6887 MB/s
[    6.448256] raid6: sse2x4   xor()  5167 MB/s
[    6.517120] raid6: avx2x1   gen()  8903 MB/s
[    6.588243] raid6: avx2x2   gen()  7577 MB/s
[    6.658325] raid6: avx2x4   gen()  8231 MB/s
[    6.661964] raid6: using algorithm avx2x1 gen() 8903 MB/s
[    6.664393] raid6: using avx2x2 recovery algorithm
[    6.672150] xor: automatically using best checksumming function:
[    6.726743]    avx       : 28870.000 MB/sec
[    6.731733] async_tx: api initialized (async)
[    6.761687] md: raid6 personality registered for level 6
[    6.765262] md: raid5 personality registered for level 5
[    6.769164] md: raid4 personality registered for level 4
[    6.788688] md: raid10 personality registered for level 10
done.
Begin: Running /scripts/init-premount ... done.
Begin: Mounting root file system ... Begin: Running /scripts/local-top ... done.
Begin: Running /scripts/local-premount ... [    6.891667] Btrfs loaded
Scanning for Btrfs filesystems
done.
Warning: fsck not present, so skipping root file system
[    6.961590] EXT4-fs (sda1): INFO: recovery required on readonly filesystem
[    6.964422] EXT4-fs (sda1): write access will be enabled during recovery
[    7.151336] EXT4-fs (sda1): recovery complete
[    7.154185] EXT4-fs (sda1): mounted filesystem with ordered data mode. Opts: (null)
done.
Begin: Running /scripts/local-bottom ... done.
Begin: Running /scripts/init-bottom ... done.
[    7.392016] systemd[1]: systemd 229 running in system mode. (+PAM +AUDIT +SELINUX +IMA +APPARMOR +SMACK +SYSVINIT +UTMP +LIBCRYPTSETUP +GCRYPT +GNUTLS +ACL +XZ -LZ4 +SECCOMP +BLKID +ELFUTILS +KMOD -IDN)
[    7.397162] systemd[1]: Detected virtualization oracle.
[    7.398615] systemd[1]: Detected architecture x86-64.

Welcome to [1mUbuntu 16.04.6 LTS[0m!

[    7.411522] systemd[1]: Set hostname to <worker-node>.
[    7.592741] random: nonblocking pool is initialized
[    7.655123] systemd[1]: Configuration file /lib/systemd/system/kubelet.service is marked world-inaccessible. This has no effect as configuration data is accessible via APIs without restrictions. Proceeding anyway.
[    7.665560] systemd[1]: Configuration file /etc/systemd/system/kubelet.service.d/10-kubeadm.conf is marked world-inaccessible. This has no effect as configuration data is accessible via APIs without restrictions. Proceeding anyway.
[    7.696436] systemd[1]: Listening on Journal Socket (/dev/log).
[[0;32m  OK  [0m] Listening on Journal Socket (/dev/log).
[    7.701484] systemd[1]: Listening on udev Kernel Socket.
[[0;32m  OK  [0m] Listening on udev Kernel Socket.
[    7.705636] systemd[1]: Listening on Journal Audit Socket.
[[0;32m  OK  [0m] Listening on Journal Audit Socket.
[    7.709852] systemd[1]: Reached target Swap.
[[0;32m  OK  [0m] Reached target Swap.
[    7.713851] systemd[1]: Listening on udev Control Socket.
[[0;32m  OK  [0m] Listening on udev Control Socket.
[    7.719016] systemd[1]: Set up automount Arbitrary Executable File Formats File System Automount Point.
[[0;32m  OK  [0m] Set up automount Arbitrary Executab...ats File System Automount Point.
[    7.727174] systemd[1]: Listening on Syslog Socket.
[[0;32m  OK  [0m] Listening on Syslog Socket.
[    7.732034] systemd[1]: Created slice System Slice.
[[0;32m  OK  [0m] Created slice System Slice.
[    7.736346] systemd[1]: Listening on LVM2 metadata daemon socket.
[[0;32m  OK  [0m] Listening on LVM2 metadata daemon socket.
[    7.741185] systemd[1]: Reached target System Time Synchronized.
[[0;32m  OK  [0m] Reached target System Time Synchronized.
[    7.745791] systemd[1]: Started Trigger resolvconf update for networkd DNS.
[[0;32m  OK  [0m] Started Trigger resolvconf update for networkd DNS.
[    7.751411] systemd[1]: Listening on /dev/initctl Compatibility Named Pipe.
[[0;32m  OK  [0m] Listening on /dev/initctl Compatibility Named Pipe.
[    7.757276] systemd[1]: Listening on Device-mapper event daemon FIFOs.
[[0;32m  OK  [0m] Listening on Device-mapper event daemon FIFOs.
[    7.764034] systemd[1]: Created slice system-serial\x2dgetty.slice.
[[0;32m  OK  [0m] Created slice system-serial\x2dgetty.slice.
[    7.770113] systemd[1]: Listening on LVM2 poll daemon socket.
[[0;32m  OK  [0m] Listening on LVM2 poll daemon socket.
[    7.775387] systemd[1]: Reached target User and Group Name Lookups.
[[0;32m  OK  [0m] Reached target User and Group Name Lookups.
[    7.782994] systemd[1]: Created slice User and Session Slice.
[[0;32m  OK  [0m] Created slice User and Session Slice.
[    7.789682] systemd[1]: Reached target Slices.
[[0;32m  OK  [0m] Reached target Slices.
[    7.794586] systemd[1]: Started Forward Password Requests to Wall Directory Watch.
[[0;32m  OK  [0m] Started Forward Password Requests to Wall Directory Watch.
[    7.801409] systemd[1]: Reached target Encrypted Volumes.
[[0;32m  OK  [0m] Reached target Encrypted Volumes.
[    7.806068] systemd[1]: Listening on Journal Socket.
[[0;32m  OK  [0m] Listening on Journal Socket.
[    7.847065] systemd[1]: Mounting POSIX Message Queue File System...
         Mounting POSIX Message Queue File System...
[    7.862438] systemd[1]: Starting Load Kernel Modules...
         Starting Load Kernel Modules...
[    7.873546] systemd[1]: Mounting Debug File System...
         Mounting Debug File System...
[    7.885413] systemd[1]: Starting Create list of required static device nodes for the current kernel...
         Starting Create list of required st... nodes for the current kernel...
[    7.905572] Loading iSCSI transport class v2.0-870.
[    7.909930] systemd[1]: Starting Journal Service...
         Starting Journal Service...
[    7.918856] systemd[1]: Starting Nameserver information manager...
         Starting Nameserver information manager...
[    7.931182] systemd[1]: Starting Remount Root and Kernel File Systems...
         Starting Remount Root and Kernel File Systems...
[    7.946758] systemd[1]: Starting Set console keymap...
         Starting Set console keymap...
[    7.962744] iscsi: registered transport (tcp)
[    7.977706] EXT4-fs (sda1): re-mounted. Opts: (null)
[    7.987977] systemd[1]: Starting Monitoring of LVM2 mirrors, snapshots etc. using dmeventd or progress polling...
         Starting Monitoring of LVM2 mirrors... dmeventd or progress polling...
[    8.012729] systemd[1]: Starting Uncomplicated firewall...
         Starting Uncomplicated firewall...
[    8.048026] systemd[1]: Mounting Huge Pages File System...
         Mounting Huge Pages File System...
[    8.073976] systemd[1]: Mounted POSIX Message Queue File System.
[[0;32m  OK  [0m] Mounted POSIX Message Queue File System.
[    8.087230] systemd[1]: Mounted Huge Pages File System.
[[0;32m  OK  [0m] Mounted Huge Pages File System.
[    8.094315] systemd[1]: Mounted Debug File System.
[[0;32m  OK  [0m] Mounted Debug File System.
[    8.102679] systemd[1]: Started Journal Service.
[[0;32m  OK  [0m] Started Journal Service.
[[0;32m  OK  [0m] Started Create list of required sta...ce nodes for the current kernel.
[    8.139630] iscsi: registered transport (iser)
[[0;32m  OK  [0m] Started Remount Root and Kernel File Systems.
[[0;32m  OK  [0m] Started Uncomplicated firewall.
[[0;32m  OK  [0m] Started Load Kernel Modules.
[[0;32m  OK  [0m] Started Nameserver information manager.
[[0;32m  OK  [0m] Started Set console keymap.
[[0;32m  OK  [0m] Started LVM2 metadata daemon.
         Mounting FUSE Control File System...
         Starting Apply Kernel Variables...
         Starting Load/Save Random Seed...
         Starting udev Coldplug all Devices...
         Starting Create Static Device Nodes in /dev...
         Starting Flush Journal to Persistent Storage...
[[0;32m  OK  [0m] Mounted FUSE Control File System.
[[0;32m  OK  [0m] Started Apply Kernel Variables.
[[0;32m  OK  [0m] Started Load/Save Random Seed.
[[0;32m  OK  [0m] Started Create Static Device Nodes in /dev.
[[0;32m  OK  [0m] Started Flush Journal to Persistent Storage.
[[0;32m  OK  [0m] Started udev Coldplug all Devices.
         Starting udev Kernel Device Manager...
[[0;32m  OK  [0m] Started udev Kernel Device Manager.
[[0;32m  OK  [0m] Started Monitoring of LVM2 mirrors,...ng dmeventd or progress polling.
[[0;32m  OK  [0m] Reached target Local File Systems (Pre).
[[0;32m  OK  [0m] Reached target Local File Systems.
         Starting Create Volatile Files and Directories...
         Starting LSB: AppArmor initialization...
         Starting LSB: ebtables ruleset management...
         Starting Set console font and keymap...
         Starting Tell Plymouth To Write Out Runtime Data...
         Starting Initial cloud-init job (pre-networking)...
[[0;32m  OK  [0m] Started Dispatch Password Requests to Console Directory Watch.
[[0;32m  OK  [0m] Started Create Volatile Files and Directories.
[[0;32m  OK  [0m] Started Tell Plymouth To Write Out Runtime Data.
         Starting Update UTMP about System Boot/Shutdown...
[[0;32m  OK  [0m] Started Update UTMP about System Boot/Shutdown.
[[0;32m  OK  [0m] Started LSB: ebtables ruleset management.
[[0;32m  OK  [0m] Started LSB: AppArmor initialization.
[[0;32m  OK  [0m] Found device /dev/ttyS0.
[[0;32m  OK  [0m] Listening on Load/Save RF Kill Switch Status /dev/rfkill Watch.
[[0;32m  OK  [0m] Started Set console font and keymap.
[[0;32m  OK  [0m] Created slice system-getty.slice.
[[0;32m  OK  [0m] Found device 82540EM Gigabit Ethern...r (PRO/1000 MT Desktop Adapter).
[[0;32m  OK  [0m] Found device 82540EM Gigabit Ethern...r (PRO/1000 MT Desktop Adapter).
[   10.018322] cloud-init[503]: Cloud-init v. 19.1-1-gbaa47854-0ubuntu1~16.04.1 running 'init-local' at Sun, 09 Jun 2019 03:49:30 +0000. Up 9.43 seconds.
[[0;32m  OK  [0m] Started Initial cloud-init job (pre-networking).
[[0;32m  OK  [0m] Reached target Network (Pre).
[[0;32m  OK  [0m] Started ifup for enp0s8.
[[0;32m  OK  [0m] Started ifup for enp0s3.
         Starting Raise network interfaces...
[[0;32m  OK  [0m] Started Raise network interfaces.
         Starting Initial cloud-init job (metadata service crawler)...
[[0;32m  OK  [0m] Reached target Network.
[   11.489701] cloud-init[1091]: Cloud-init v. 19.1-1-gbaa47854-0ubuntu1~16.04.1 running 'init' at Sun, 09 Jun 2019 03:49:32 +0000. Up 11.07 seconds.
[   11.493448] cloud-init[1091]: ci-info: ++++++++++++++++++++++++++++++++++++++Net device info+++++++++++++++++++++++++++++++++++++++
[   11.498799] cloud-init[1091]: ci-info: +--------+------+-----------------------------+---------------+--------+-------------------+
[   11.505343] cloud-init[1091]: ci-info: | Device |  Up  |           Address           |      Mask     | Scope  |     Hw-Address    |
[   11.509140] cloud-init[1091]: ci-info: +--------+------+-----------------------------+---------------+--------+-------------------+
[   11.512379] cloud-init[1091]: ci-info: | enp0s3 | True |          10.0.2.15          | 255.255.255.0 | global | 02:bc:a8:42:42:bc |
[   11.515793] cloud-init[1091]: ci-info: | enp0s3 | True |  fe80::bc:a8ff:fe42:42bc/64 |       .       |  link  | 02:bc:a8:42:42:bc |
[   11.524689] cloud-init[1091]: ci-info: | enp0s8 | True |        192.168.205.11       | 255.255.255.0 | global | 08:00:27:21:c8:f1 |
[   11.529530] cloud-init[1091]: ci-info: | enp0s8 | True | fe80::a00:27ff:fe21:c8f1/64 |       .       |  link  | 08:00:27:21:c8:f1 |
[   11.533573] cloud-init[1091]: ci-info: |   lo   | True |          127.0.0.1          |   255.0.0.0   |  host  |         .         |
[   11.537475] cloud-init[1091]: ci-info: |   lo   | True |           ::1/128           |       .       |  host  |         .         |
[   11.547569] cloud-init[1091]: ci-info: +--------+------+-----------------------------+---------------+--------+-------------------+
[   11.551741] cloud-init[1091]: ci-info: ++++++++++++++++++++++++++++Route IPv4 info+++++++++++++++++++++++++++++
[   11.554683] cloud-init[1091]: ci-info: +-------+---------------+----------+---------------+-----------+-------+
[   11.557259] cloud-init[1091]: ci-info: | Route |  Destination  | Gateway  |    Genmask    | Interface | Flags |
[   11.559982] cloud-init[1091]: ci-info: +-------+---------------+----------+---------------+-----------+-------+
[   11.568698] cloud-init[1091]: ci-info: |   0   |    0.0.0.0    | 10.0.2.2 |    0.0.0.0    |   enp0s3  |   UG  |
[   11.579631] cloud-init[1091]: ci-info: |   1   |    10.0.2.0   | 0.0.0.0  | 255.255.255.0 |   enp0s3  |   U   |
[   11.582882] cloud-init[1091]: ci-info: |   2   | 192.168.205.0 | 0.0.0.0  | 255.255.255.0 |   enp0s8  |   U   |
[   11.585560] cloud-init[1091]: ci-info: +-------+---------------+----------+---------------+-----------+-------+
[   11.588474] cloud-init[1091]: ci-info: +++++++++++++++++++Route IPv6 info+++++++++++++++++++
[   11.590551] cloud-init[1091]: ci-info: +-------+-------------+---------+-----------+-------+
[   11.592461] cloud-init[1091]: ci-info: | Route | Destination | Gateway | Interface | Flags |
[   11.600720] cloud-init[1091]: ci-info: +-------+-------------+---------+-----------+-------+
[   11.602741] cloud-init[1091]: ci-info: |   0   |  fe80::/64  |    ::   |   enp0s8  |   U   |
[   11.604708] cloud-init[1091]: ci-info: |   1   |  fe80::/64  |    ::   |   enp0s3  |   U   |
[   11.607221] cloud-init[1091]: ci-info: |   4   |   ff00::/8  |    ::   |   enp0s8  |   U   |
[   11.609656] cloud-init[1091]: ci-info: |   5   |   ff00::/8  |    ::   |   enp0s3  |   U   |
[   11.612081] cloud-init[1091]: ci-info: +-------+-------------+---------+-----------+-------+
[[0;32m  OK  [0m] Started Initial cloud-init job (metadata service crawler).
[[0;32m  OK  [0m] Reached target Cloud-config availability.
[[0;32m  OK  [0m] Reached target System Initialization.
         Starting Socket activation for snappy daemon.
         Starting Docker Socket for the API.
         Starting LXD - unix socket.
[[0;32m  OK  [0m] Listening on ACPID Listen Socket.
[[0;32m  OK  [0m] Started ACPI Events Check.
[[0;32m  OK  [0m] Reached target Paths.
[[0;32m  OK  [0m] Listening on UUID daemon activation socket.
[[0;32m  OK  [0m] Started Daily apt download activities.
[[0;32m  OK  [0m] Started Daily apt upgrade and clean activities.
[[0;32m  OK  [0m] Listening on D-Bus System Message Bus Socket.
[[0;32m  OK  [0m] Started Daily Cleanup of Temporary Directories.
[[0;32m  OK  [0m] Reached target Timers.
[[0;32m  OK  [0m] Reached target Network is Online.
         Starting iSCSI initiator daemon (iscsid)...
[[0;32m  OK  [0m] Listening on Socket activation for snappy daemon.
[[0;32m  OK  [0m] Listening on Docker Socket for the API.
[[0;32m  OK  [0m] Listening on LXD - unix socket.
[[0;32m  OK  [0m] Started iSCSI initiator daemon (iscsid).
         Starting Login to default iSCSI targets...
[[0;32m  OK  [0m] Reached target Sockets.
[[0;32m  OK  [0m] Reached target Basic System.
[[0;32m  OK  [0m] Started Regular background program processing daemon.
         Starting System Logging Service...
[[0;32m  OK  [0m] Started FUSE filesystem for LXC.
         Starting Accounts Service...
[[0;32m  OK  [0m] Started kubelet: The Kubernetes Node Agent.
         Starting Login Service...
[[0;32m  OK  [0m] Started ACPI event daemon.
         Starting OpenBSD Secure Shell server...
         Starting Virtualbox guest utils...
         Starting LSB: Record successful boot for GRUB...
[[0;32m  OK  [0m] Started Deferred execution scheduler.
         Starting LSB: MD monitoring daemon...
         Starting /etc/rc.local Compatibility...
         Starting LXD - container startup/shutdown...
         Starting Docker Application Container Engine...
[[0;32m  OK  [0m] Started D-Bus System Message Bus.
         Starting Snappy daemon...
[[0;32m  OK  [0m] Started System Logging Service.
[[0;32m  OK  [0m] Started /etc/rc.local Compatibility.
[[0;32m  OK  [0m] Started OpenBSD Secure Shell server.
[[0;32m  OK  [0m] Started Login to default iSCSI targets.
[[0;32m  OK  [0m] Started LXD - container startup/shutdown.
[[0;32m  OK  [0m] Started LSB: MD monitoring daemon.
[[0;32m  OK  [0m] Started Login Service.
[[0;32m  OK  [0m] Started Unattended Upgrades Shutdown.
         Starting Authenticate and Authorize Users to Run Privileged Tasks...
[[0;32m  OK  [0m] Reached target Remote File Systems (Pre).
[[0;32m  OK  [0m] Reached target Remote File Systems.
         Starting LSB: Set up cgroupfs mounts....
         Starting LSB: automatic crash report generation...
         Starting LSB: daemon to balance interrupts for SMP systems...
         Starting LSB: Set the CPU Frequency Scaling governor to "ondemand"...
         Starting Permit User Sessions...
[[0;32m  OK  [0m] Started LSB: Record successful boot for GRUB.
[[0;32m  OK  [0m] Started LSB: Set up cgroupfs mounts..
[[0;32m  OK  [0m] Started Permit User Sessions.
[[0;32m  OK  [0m] Started Snappy daemon.
[[0;32m  OK  [0m] Started Authenticate and Authorize Users to Run Privileged Tasks.
[[0;32m  OK  [0m] Started Accounts Service.
         Starting Wait until snapd is fully seeded...
         Starting Terminate Plymouth Boot Screen...
         Starting Hold until boot process finishes up...
[[0;32m  OK  [0m] Started LSB: Set the CPU Frequency Scaling governor to "ondemand".
[[0;32m  OK  [0m] Started Hold until boot process finishes up.
[[0;32m  OK  [0m] Started Terminate Plymouth Boot Screen.
[[0;32m  OK  [0m] Started LSB: automatic crash report generation.
[[0;32m  OK  [0m] Started Getty on tty1.
         Starting Set console scheme...
[[0;32m  OK  [0m] Started Serial Getty on ttyS0.
[[0;32m  OK  [0m] Reached target Login Prompts.
[[0;32m  OK  [0m] Started Virtualbox guest utils.
[[0;32m  OK  [0m] Started LSB: daemon to balance interrupts for SMP systems.
[[0;32m  OK  [0m] Started Wait until snapd is fully seeded.
[[0;32m  OK  [0m] Started Set console scheme.
         Starting Apply the settings specified in cloud-config...
[[0;32m  OK  [0m] Created slice User Slice of vagrant.
         Starting User Manager for UID 1000...
[[0;32m  OK  [0m] Started Session 1 of user vagrant.
[[0;32m  OK  [0m] Started User Manager for UID 1000.
[[0;32m  OK  [0m] Started Kubernetes systemd probe.
[   13.482442] cloud-init[1376]: Cloud-init v. 19.1-1-gbaa47854-0ubuntu1~16.04.1 running 'modules:config' at Sun, 09 Jun 2019 03:49:34 +0000. Up 13.29 seconds.
[[0;32m  OK  [0m] Started Apply the settings specified in cloud-config.
[[0;32m  OK  [0m] Started Docker Application Container Engine.
[[0;32m  OK  [0m] Reached target Multi-User System.
         Starting Execute cloud user/final scripts...
[[0;32m  OK  [0m] Reached target Graphical Interface.
         Starting Update UTMP about System Runlevel Changes...
[[0;32m  OK  [0m] Started Update UTMP about System Runlevel Changes.
[   15.862476] cloud-init[1678]: Cloud-init v. 19.1-1-gbaa47854-0ubuntu1~16.04.1 running 'modules:final' at Sun, 09 Jun 2019 03:49:37 +0000. Up 15.68 seconds.
[   15.865978] cloud-init[1678]: Cloud-init v. 19.1-1-gbaa47854-0ubuntu1~16.04.1 finished at Sun, 09 Jun 2019 03:49:37 +0000. Datasource DataSourceNoCloud [seed=/dev/sdb][dsmode=net].  Up 15.85 seconds
[[0;32m  OK  [0m] Started Execute cloud user/final scripts.
[[0;32m  OK  [0m] Reached target Cloud-init target.

Ubuntu 16.04.6 LTS worker-node ttyS0

worker-node login: 